14:04:31: LOG: Files Loading process for script NORI_D_200kHz_FullWC_Nighttime_10m_1000m_noSchools started at 01-Nov-2021 14:04:31
14:04:31: Loading files from E:\NORI-D\Spring_2021\EK80
14:04:31: Loading Snapshot 0 Type Night Stratum   Transect(s) 0
14:41:45: Non continuous files in Snapshot 0 Type Night Stratum   Transect(s)0
14:41:46: Applying Denoise
14:42:59: Applying Denoise
14:43:28: Applying Denoise
14:43:56: Applying Denoise
14:44:26: Applying Denoise
14:44:55: Applying Denoise
14:45:24: Applying Denoise
14:45:48: Applying Denoise
14:46:12: Applying Denoise
14:46:42: Applying Denoise
14:47:11: Applying Denoise
14:47:41: Applying Denoise
14:48:10: Applying Denoise
14:48:40: Applying Denoise
14:49:09: Applying Denoise
14:49:39: Applying Denoise
14:50:09: Applying Denoise
14:50:38: Applying Denoise
14:51:08: Applying Denoise
14:51:38: Applying Denoise
14:52:07: Applying Denoise
14:52:35: Applying Denoise
14:53:02: Applying Denoise
14:53:31: Applying Denoise
14:54:01: Applying Denoise
14:54:30: Applying Denoise
14:54:59: Applying Denoise
14:55:29: Applying Denoise
14:55:59: Applying Denoise
14:56:30: Applying Denoise
14:57:00: Applying Denoise
14:57:29: Applying Denoise
14:58:00: Applying Denoise
15:01:33: Files loading process for script NORI_D_200kHz_FullWC_Nighttime_10m_1000m_noSchools finished with:
0 Warnings
0 Errors 


15:01:33: Files Loading process for script NORI_D_200kHz_FullWC_Nighttime_10m_1000m_noSchools finished at 01-Nov-2021 15:01:33

15:01:34: Integration process for script NORI_D_200kHz_FullWC_Nighttime_10m_1000m_noSchools started at 01-Nov-2021 15:01:34

15:01:34: ----------------Integration-----------------
15:01:34: Integrating Snapshot 0 Type Night Stratum   Transect 0
15:16:58: Integration process for script NORI_D_200kHz_FullWC_Nighttime_10m_1000m_noSchools finished with:
0 Warnings
0 Errors

15:16:58: Integration process for script NORI_D_200kHz_FullWC_Nighttime_10m_1000m_noSchools finished at 01-Nov-2021 15:16:58

15:16:59: Results saved to D:\DeepSeaFishEcologyLab\Saildrone_CCZ\NORI-D\Spring\Mission\EK80\echo_results\NORI_D_200kHz_FullWC_Nighttime_10m_1000m_noSchools_xls_output.xlsx
15:16:59: Results saved to D:\DeepSeaFishEcologyLab\Saildrone_CCZ\NORI-D\Spring\Mission\EK80\echo_results\NORI_D_200kHz_FullWC_Nighttime_10m_1000m_noSchools_survey_output.mat
15:17:00: Results saved to D:\DeepSeaFishEcologyLab\Saildrone_CCZ\NORI-D\Spring\Mission\EK80\echo_results\NORI_D_200kHz_FullWC_Nighttime_10m_1000m_noSchools_mbs_output.txt
15:17:00: Time elapsed to process  D:\DeepSeaFishEcologyLab\Saildrone_CCZ\NORI-D\Spring\Mission\EK80\echo_scripts\NORI_D_200kHz_FullWC_Nighttime_10m_1000m_noSchools.xml: 01:12:29
