15:54:16: LOG: Files Loading process for script NORI_D_200kHz_FullWC_Nighttime_10m_1000m_noSchools started at 19-May-2022 15:54:16
15:54:16: Loading files from D:\DeepSeaFishEcologyLab\Saildrone_CCZ\NORI-D\Fall\Mission\EK80
15:54:16: Loading Snapshot 0 Type Night Stratum   Transect(s) 0
16:23:12: Non continuous files in Snapshot 0 Type Night Stratum   Transect(s)0
16:23:12: Applying Denoise
16:23:43: Applying Denoise
16:23:54: Applying Denoise
16:24:06: Applying Denoise
16:24:19: Applying Denoise
16:24:31: Applying Denoise
16:24:43: Applying Denoise
16:24:55: Applying Denoise
16:25:07: Applying Denoise
16:25:19: Applying Denoise
16:25:31: Applying Denoise
16:25:44: Applying Denoise
16:25:56: Applying Denoise
16:26:08: Applying Denoise
16:26:21: Applying Denoise
16:26:33: Applying Denoise
16:26:46: Applying Denoise
16:26:59: Applying Denoise
16:27:12: Applying Denoise
16:27:24: Applying Denoise
16:27:37: Applying Denoise
16:27:51: Applying Denoise
16:28:03: Applying Denoise
16:28:16: Applying Denoise
16:28:30: Applying Denoise
16:28:43: Applying Denoise
16:28:55: Applying Denoise
16:29:07: Applying Denoise
16:29:20: Applying Denoise
16:29:32: Applying Denoise
16:29:45: Applying Denoise
16:29:58: Applying Denoise
16:30:11: Applying Denoise
16:30:23: Applying Denoise
16:30:38: Applying Denoise
16:30:51: Applying Denoise
16:32:35: Files loading process for script NORI_D_200kHz_FullWC_Nighttime_10m_1000m_noSchools finished with:
0 Warnings
0 Errors 


16:32:35: Files Loading process for script NORI_D_200kHz_FullWC_Nighttime_10m_1000m_noSchools finished at 19-May-2022 16:32:35

16:32:35: Integration process for script NORI_D_200kHz_FullWC_Nighttime_10m_1000m_noSchools started at 19-May-2022 16:32:35

16:32:36: ----------------Integration-----------------
16:32:36: Integrating Snapshot 0 Type Night Stratum   Transect 0
16:36:26: Integration process for script NORI_D_200kHz_FullWC_Nighttime_10m_1000m_noSchools finished with:
0 Warnings
0 Errors

16:36:26: Integration process for script NORI_D_200kHz_FullWC_Nighttime_10m_1000m_noSchools finished at 19-May-2022 16:36:26

16:36:27: Results saved to D:\DeepSeaFishEcologyLab\Saildrone_CCZ\NORI-D\Fall\Mission\EK80\echo_results\NORI_D_200kHz_FullWC_Nighttime_10m_1000m_noSchools_xls_output.xlsx
16:36:27: Results saved to D:\DeepSeaFishEcologyLab\Saildrone_CCZ\NORI-D\Fall\Mission\EK80\echo_results\NORI_D_200kHz_FullWC_Nighttime_10m_1000m_noSchools_survey_output.mat
16:36:27: Results saved to D:\DeepSeaFishEcologyLab\Saildrone_CCZ\NORI-D\Fall\Mission\EK80\echo_results\NORI_D_200kHz_FullWC_Nighttime_10m_1000m_noSchools_mbs_output.txt
16:36:27: Time elapsed to process  D:\DeepSeaFishEcologyLab\Saildrone_CCZ\NORI-D\Fall\Mission\EK80\echo_scripts\NORI_D_200kHz_FullWC_Nighttime_10m_1000m_noSchools.xml: 00:42:12
