16:34:33: LOG: Files Loading process for script NORI_D_38kHz_FullWC_Daytime_10x1000m_noSchools started at 06-Oct-2021 16:34:33
16:34:33: Loading files from D:\Documents\Recovered_EK80_Spring2021\EK80
16:34:33: Loading Snapshot 0 Type Day Stratum   Transect(s) 0
17:24:25: Non continuous files in Snapshot 0 Type Day Stratum   Transect(s)0
17:24:25: Applying Denoise
17:25:26: Applying Denoise
17:26:27: Applying Denoise
17:27:35: Applying Denoise
17:28:51: Applying Denoise
17:29:52: Applying Denoise
17:30:52: Applying Denoise
17:31:52: Applying Denoise
17:32:59: Applying Denoise
17:34:00: Applying Denoise
17:35:11: Applying Denoise
17:36:12: Applying Denoise
17:37:23: Applying Denoise
17:52:21: Applying Denoise
17:53:34: Applying Denoise
17:54:41: Applying Denoise
17:55:33: Applying Denoise
17:56:19: Applying Denoise
17:57:04: Applying Denoise
17:57:50: Applying Denoise
17:58:38: Applying Denoise
17:59:23: Applying Denoise
18:00:07: Applying Denoise
18:00:52: Applying Denoise
18:01:37: Applying Denoise
18:02:23: Applying Denoise
18:03:10: Applying Denoise
18:03:59: Applying Denoise
18:04:45: Applying Denoise
18:05:30: Applying Denoise
18:06:17: Applying Denoise
18:07:03: Applying Denoise
18:07:49: Applying Denoise
18:08:38: Applying Denoise
18:09:21: Applying Denoise
18:09:29: Applying Denoise
18:10:50: Files loading process for script NORI_D_38kHz_FullWC_Daytime_10x1000m_noSchools finished with:
0 Warnings
0 Errors 


18:10:50: Files Loading process for script NORI_D_38kHz_FullWC_Daytime_10x1000m_noSchools finished at 06-Oct-2021 18:10:50

18:10:50: Integration process for script NORI_D_38kHz_FullWC_Daytime_10x1000m_noSchools started at 06-Oct-2021 18:10:50

18:10:51: ----------------Integration-----------------
18:10:51: Integrating Snapshot 0 Type Day Stratum   Transect 0
18:27:14: Integration process for script NORI_D_38kHz_FullWC_Daytime_10x1000m_noSchools finished with:
0 Warnings
0 Errors

18:27:14: Integration process for script NORI_D_38kHz_FullWC_Daytime_10x1000m_noSchools finished at 06-Oct-2021 18:27:14

18:27:17: Results saved to D:\Documents\Recovered_EK80_Spring2021\EK80\echo_results\NORI_D_38kHz_FullWC_Daytime_10x1000m_noSchools_xls_output.xlsx
18:27:17: Results saved to D:\Documents\Recovered_EK80_Spring2021\EK80\echo_results\NORI_D_38kHz_FullWC_Daytime_10x1000m_noSchools_survey_output.mat
18:27:18: Results saved to D:\Documents\Recovered_EK80_Spring2021\EK80\echo_results\NORI_D_38kHz_FullWC_Daytime_10x1000m_noSchools_mbs_output.txt
18:27:18: Time elapsed to process  D:\Documents\Recovered_EK80_Spring2021\EK80\echo_scripts\NORI_D_38kHz_FullWC_Daytime_10m_1000m_noSchools.xml: 01:52:45
